{
  "RSpec": {
    "coverage": {
      "/myproject/spec/controllers/benefit_lists_controller_spec.rb": [
        1,
        null,
        1,
        13,
        13,
        1,
        null,
        1,
        1,
        1,
        1,
        null,
        null,
        1,
        1,
        null,
        null,
        null,
        1,
        1,
        2,
        2,
        null,
        null,
        1,
        2,
        null,
        null,
        1,
        1,
        1,
        null,
        null,
        null,
        null,
        1,
        1,
        2,
        2,
        null,
        null,
        1,
        1,
        null,
        null,
        1,
        1,
        null,
        null,
        null,
        1,
        1,
        4,
        null,
        null,
        1,
        1,
        1,
        1,
        null,
        null,
        1,
        1,
        1,
        1,
        null,
        null,
        1,
        1,
        1,
        1,
        null,
        null,
        null,
        1,
        1,
        1,
        1,
        1,
        null,
        null,
        null,
        null,
        1,
        1,
        3,
        3,
        null,
        null,
        1,
        1,
        null,
        null,
        1,
        1,
        2,
        null,
        null,
        1,
        1,
        null,
        null,
        null
      ],
      "/myproject/spec/rails_helper.rb": [
        null,
        1,
        1,
        null,
        1,
        null,
        null,
        1,
        1,
        null,
        null,
        null,
        null,
        null,
        null,
        null,
        null,
        null,
        null,
        null,
        null,
        null,
        null,
        null,
        null,
        null,
        null,
        null,
        1,
        1,
        null,
        0,
        0,
        null,
        null,
        1,
        1,
        1,
        null,
        1,
        null,
        1,
        1,
        1,
        1,
        null,
        null,
        null,
        1,
        null,
        null,
        null,
        null,
        null,
        null,
        null,
        null,
        null,
        null,
        null,
        null,
        null,
        null,
        1,
        null,
        null,
        1,
        null,
        null,
        null
      ],
      "/myproject/config/environment.rb": [
        null,
        1,
        null,
        null,
        1
      ],
      "/myproject/config/application.rb": [
        1,
        null,
        1,
        null,
        null,
        null,
        1,
        null,
        1,
        1,
        1,
        1,
        1,
        1,
        1,
        null,
        null,
        1,
        1,
        null,
        null,
        null,
        null,
        null,
        null
      ],
      "/myproject/config/boot.rb": [
        1,
        null,
        1,
        1
      ],
      "/myproject/config/environments/test.rb": [
        1,
        null,
        null,
        null,
        null,
        null,
        null,
        1,
        null,
        null,
        null,
        null,
        1,
        null,
        null,
        1,
        1,
        null,
        null,
        null,
        null,
        1,
        1,
        null,
        null,
        1,
        null,
        null,
        1,
        null,
        null,
        1,
        null,
        1,
        null,
        null,
        null,
        null,
        1,
        null,
        null,
        1,
        null,
        null,
        null,
        null
      ],
      "/myproject/config/initializers/application_controller_renderer.rb": [
        null,
        null,
        null,
        null,
        null,
        null,
        null,
        null
      ],
      "/myproject/config/initializers/assets.rb": [
        null,
        null,
        null,
        1,
        null,
        null,
        null,
        null,
        1,
        null,
        null,
        null,
        null,
        null
      ],
      "/myproject/config/initializers/backtrace_silencers.rb": [
        null,
        null,
        null,
        null,
        null,
        null,
        null
      ],
      "/myproject/config/initializers/carrierwave.rb": [
        1,
        1,
        null,
        1,
        1,
        1,
        1,
        null,
        null,
        null,
        null,
        null,
        null,
        1,
        1,
        null
      ],
      "/myproject/config/initializers/content_security_policy.rb": [
        null,
        null,
        null,
        null,
        null,
        null,
        null,
        null,
        null,
        null,
        null,
        null,
        null,
        null,
        null,
        null,
        null,
        null,
        null,
        null,
        null,
        null,
        null,
        null,
        null
      ],
      "/myproject/config/initializers/cookies_serializer.rb": [
        null,
        null,
        null,
        null,
        1
      ],
      "/myproject/config/initializers/devise.rb": [
        null,
        null,
        null,
        null,
        1,
        null,
        null,
        null,
        null,
        null,
        null,
        null,
        null,
        null,
        null,
        null,
        null,
        null,
        null,
        null,
        1,
        null,
        null,
        null,
        null,
        null,
        null,
        null,
        null,
        null,
        null,
        null,
        1,
        null,
        null,
        null,
        null,
        null,
        null,
        null,
        null,
        null,
        null,
        null,
        null,
        null,
        null,
        null,
        null,
        null,
        null,
        null,
        null,
        null,
        1,
        null,
        null,
        null,
        null,
        1,
        null,
        null,
        null,
        null,
        null,
        null,
        null,
        null,
        null,
        null,
        null,
        null,
        null,
        null,
        null,
        null,
        null,
        null,
        null,
        null,
        null,
        null,
        null,
        null,
        null,
        null,
        null,
        null,
        null,
        null,
        1,
        null,
        null,
        null,
        null,
        null,
        null,
        null,
        null,
        null,
        null,
        null,
        null,
        null,
        null,
        null,
        null,
        null,
        null,
        null,
        null,
        null,
        null,
        1,
        null,
        null,
        null,
        null,
        null,
        null,
        null,
        null,
        null,
        null,
        null,
        null,
        null,
        null,
        null,
        null,
        null,
        null,
        null,
        null,
        null,
        null,
        null,
        null,
        null,
        null,
        null,
        null,
        null,
        null,
        null,
        null,
        null,
        1,
        null,
        null,
        null,
        null,
        null,
        null,
        null,
        null,
        null,
        1,
        null,
        null,
        null,
        null,
        null,
        null,
        null,
        null,
        null,
        null,
        1,
        null,
        null,
        null,
        null,
        1,
        null,
        null,
        null,
        null,
        null,
        null,
        null,
        null,
        null,
        null,
        null,
        null,
        null,
        null,
        null,
        null,
        null,
        null,
        null,
        null,
        null,
        null,
        null,
        null,
        null,
        null,
        null,
        null,
        null,
        null,
        null,
        null,
        null,
        null,
        null,
        null,
        null,
        null,
        null,
        null,
        1,
        null,
        null,
        null,
        null,
        null,
        null,
        null,
        null,
        null,
        null,
        null,
        null,
        null,
        null,
        null,
        null,
        null,
        null,
        null,
        1,
        null,
        null,
        null,
        null,
        null,
        null,
        null,
        null,
        null,
        null,
        null,
        null,
        null,
        null,
        null,
        null,
        null,
        null,
        null,
        null,
        null,
        1,
        null,
        null,
        null,
        null,
        null,
        null,
        null,
        null,
        null,
        null,
        null,
        null,
        null,
        null,
        null,
        null,
        null,
        null,
        null,
        null,
        null,
        null,
        null,
        null,
        null,
        null,
        null,
        null,
        null,
        null,
        null,
        null,
        null,
        null,
        null,
        null,
        null,
        null,
        null,
        null,
        null,
        null
      ],
      "/myproject/config/initializers/filter_parameter_logging.rb": [
        null,
        null,
        null,
        1
      ],
      "/myproject/config/initializers/inflections.rb": [
        null,
        null,
        null,
        null,
        null,
        null,
        null,
        null,
        null,
        null,
        null,
        null,
        null,
        null,
        null,
        null
      ],
      "/myproject/config/initializers/mime_types.rb": [
        null,
        null,
        null,
        null
      ],
      "/myproject/config/initializers/wrap_parameters.rb": [
        null,
        null,
        null,
        null,
        null,
        null,
        1,
        2,
        null,
        null,
        null,
        null,
        null,
        null
      ],
      "/myproject/spec/factories/admins.rb": [
        1,
        null,
        1,
        null,
        1,
        81,
        80,
        81,
        81,
        null,
        1,
        67,
        null,
        null,
        null,
        null
      ],
      "/myproject/spec/factories/benefit_lists.rb": [
        1,
        null,
        1,
        1,
        115,
        null,
        1,
        114,
        null,
        null,
        null,
        null
      ],
      "/myproject/spec/factories/benefits.rb": [
        1,
        null,
        1,
        1,
        null,
        1,
        114,
        114,
        null,
        null,
        null,
        null
      ],
      "/myproject/spec/factories/card_lists.rb": [
        1,
        null,
        1,
        1,
        null,
        1,
        101,
        101,
        101,
        null,
        null,
        null,
        null
      ],
      "/myproject/spec/factories/cards.rb": [
        1,
        null,
        1,
        1,
        null,
        null,
        null
      ],
      "/myproject/spec/factories/cards_benefits.rb": [
        1,
        null,
        1,
        1,
        1,
        null,
        null,
        null
      ],
      "/myproject/spec/factories/cards_coupons.rb": [
        1,
        null,
        1,
        1,
        1,
        null,
        null,
        null
      ],
      "/myproject/spec/factories/coupon_lists.rb": [
        1,
        null,
        1,
        1,
        115,
        115,
        null,
        1,
        114,
        null,
        null,
        null,
        null
      ],
      "/myproject/spec/factories/coupons.rb": [
        1,
        null,
        1,
        1,
        null,
        1,
        114,
        114,
        null,
        null,
        null,
        null
      ],
      "/myproject/spec/factories/relations.rb": [
        1,
        null,
        1,
        15,
        15,
        15,
        15,
        14,
        16,
        15,
        1,
        null,
        null,
        null
      ],
      "/myproject/spec/factories/users.rb": [
        1,
        null,
        1,
        null,
        1,
        355,
        354,
        355,
        355,
        354,
        null,
        null,
        null
      ],
      "/myproject/config/routes.rb": [
        1,
        1,
        1,
        null,
        null,
        null,
        null,
        1,
        null,
        null,
        null,
        null,
        null,
        1,
        1,
        1,
        1,
        1,
        1,
        1,
        1,
        null,
        null,
        null,
        1,
        1,
        1,
        null,
        null,
        1,
        1,
        1,
        1,
        1,
        null,
        null,
        null,
        null
      ],
      "/myproject/app/models/admin.rb": [
        1,
        null,
        null,
        1,
        null,
        null,
        1,
        1,
        1,
        null,
        1,
        1,
        null
      ],
      "/myproject/app/models/application_record.rb": [
        1,
        1,
        null
      ],
      "/myproject/app/models/user.rb": [
        1,
        null,
        null,
        1,
        null,
        null,
        1,
        null,
        1,
        1,
        null
      ],
      "/myproject/app/helpers/admins_helper.rb": [
        1,
        null
      ],
      "/myproject/app/helpers/application_helper.rb": [
        1,
        null,
        1,
        null,
        1,
        0,
        0,
        null,
        null,
        null
      ],
      "/myproject/app/helpers/cards_helper.rb": [
        1,
        null
      ],
      "/myproject/app/helpers/relations_helper.rb": [
        1,
        null
      ],
      "/myproject/spec/support/controller_macros.rb": [
        1,
        1,
        30,
        30,
        null,
        null,
        1,
        8,
        8,
        8,
        null,
        null
      ],
      "/myproject/app/controllers/benefit_lists_controller.rb": [
        1,
        1,
        null,
        1,
        1,
        null,
        null,
        1,
        4,
        4,
        4,
        4,
        4,
        null,
        4,
        4,
        null,
        null,
        1,
        null,
        null,
        1,
        4,
        3,
        3,
        null,
        1,
        1,
        null,
        null,
        null,
        1,
        4,
        4,
        4,
        null,
        null,
        1,
        null,
        1,
        10,
        null,
        null,
        1,
        8,
        null,
        null
      ],
      "/myproject/app/controllers/application_controller.rb": [
        1,
        1,
        null,
        1,
        null,
        1,
        0,
        null,
        null,
        1,
        8,
        0,
        null,
        null,
        null,
        1,
        0,
        0,
        null,
        0,
        null,
        null,
        null,
        1,
        0,
        null,
        null
      ],
      "/myproject/spec/controllers/card_lists_controller_spec.rb": [
        1,
        null,
        1,
        3,
        7,
        6,
        1,
        null,
        1,
        1,
        2,
        2,
        null,
        null,
        1,
        1,
        null,
        null,
        1,
        1,
        null,
        null,
        null,
        1,
        1,
        1,
        null,
        null,
        1,
        1,
        1,
        1,
        null,
        null,
        null,
        null,
        null,
        1,
        1,
        3,
        3,
        null,
        null,
        1,
        1,
        null,
        null,
        1,
        1,
        2,
        null,
        null,
        1,
        1,
        null,
        null,
        null,
        null
      ],
      "/myproject/app/controllers/card_lists_controller.rb": [
        1,
        1,
        1,
        null,
        null,
        1,
        0,
        null,
        null,
        1,
        2,
        null,
        null,
        1,
        0,
        0,
        0,
        0,
        null,
        null,
        1,
        null,
        0,
        0,
        0,
        0,
        0,
        null,
        0,
        0,
        0,
        0,
        0,
        null,
        null,
        null,
        1,
        4,
        4,
        4,
        4,
        null,
        null,
        1,
        null,
        1,
        0,
        null,
        null,
        1,
        0,
        0,
        null,
        null,
        null,
        1,
        1,
        1,
        null,
        null,
        null,
        null
      ],
      "/myproject/spec/controllers/cards_controller_spec.rb": [
        1,
        null,
        1,
        9,
        3,
        7,
        1,
        1,
        null,
        1,
        1,
        1,
        1,
        null,
        null,
        null,
        1,
        1,
        1,
        1,
        1,
        null,
        null,
        null,
        1,
        1,
        2,
        2,
        null,
        null,
        1,
        1,
        null,
        null,
        1,
        1,
        null,
        null,
        null,
        1,
        1,
        2,
        2,
        null,
        null,
        1,
        1,
        null,
        null,
        1,
        1,
        null,
        null,
        null,
        1,
        1,
        2,
        null,
        null,
        1,
        1,
        1,
        1,
        null,
        null,
        1,
        1,
        1,
        1,
        null,
        null,
        null,
        null,
        1,
        1,
        1,
        1,
        1,
        null,
        null,
        null
      ],
      "/myproject/app/controllers/cards_controller.rb": [
        1,
        1,
        null,
        1,
        1,
        null,
        1,
        null,
        null,
        1,
        0,
        null,
        null,
        1,
        1,
        1,
        null,
        1,
        1,
        0,
        null,
        1,
        1,
        null,
        null,
        1,
        0,
        0,
        null,
        0,
        0,
        0,
        0,
        null,
        0,
        0,
        0,
        null,
        null,
        null,
        0,
        0,
        0,
        0,
        null,
        0,
        0,
        0,
        null,
        null,
        null,
        0,
        0,
        null,
        null,
        1,
        null,
        null,
        1,
        null,
        null,
        1,
        2,
        2,
        0,
        0,
        null,
        2,
        0,
        0,
        null,
        null,
        null,
        1,
        0,
        0,
        0,
        0,
        0,
        0,
        null,
        null,
        null,
        1,
        1,
        null,
        null,
        1,
        0,
        null,
        null,
        1,
        null,
        1,
        6,
        null,
        null,
        1,
        2,
        null,
        null,
        1,
        0,
        null,
        null,
        1,
        0,
        null,
        null,
        null
      ],
      "/myproject/spec/controllers/coupon_lists_controller_spec.rb": [
        1,
        null,
        1,
        12,
        13,
        1,
        null,
        1,
        1,
        1,
        1,
        null,
        null,
        1,
        1,
        null,
        null,
        null,
        1,
        1,
        2,
        2,
        null,
        null,
        1,
        2,
        null,
        null,
        1,
        1,
        1,
        null,
        null,
        null,
        1,
        1,
        2,
        2,
        null,
        null,
        1,
        1,
        null,
        null,
        1,
        1,
        null,
        null,
        null,
        1,
        1,
        4,
        null,
        null,
        1,
        1,
        1,
        1,
        null,
        null,
        1,
        1,
        1,
        1,
        null,
        null,
        1,
        1,
        1,
        1,
        null,
        null,
        null,
        1,
        1,
        1,
        1,
        1,
        1,
        null,
        null,
        null,
        null,
        1,
        1,
        3,
        3,
        null,
        null,
        1,
        1,
        null,
        null,
        1,
        1,
        2,
        null,
        null,
        1,
        1,
        null,
        null,
        null
      ],
      "/myproject/app/controllers/coupon_lists_controller.rb": [
        1,
        1,
        null,
        1,
        1,
        null,
        null,
        1,
        4,
        4,
        4,
        4,
        4,
        null,
        4,
        4,
        null,
        null,
        1,
        null,
        null,
        1,
        4,
        3,
        3,
        null,
        1,
        1,
        null,
        null,
        null,
        1,
        4,
        4,
        4,
        null,
        null,
        1,
        null,
        1,
        10,
        null,
        null,
        1,
        8,
        null,
        null
      ],
      "/myproject/spec/controllers/relations_controller_spec.rb": [
        1,
        null,
        1,
        7,
        null,
        null,
        1,
        1,
        2,
        null,
        null,
        1,
        1,
        null,
        null,
        1,
        1,
        null,
        null,
        null,
        1,
        1,
        4,
        null,
        null,
        1,
        1,
        1,
        null,
        null,
        1,
        1,
        1,
        1,
        1,
        null,
        null,
        1,
        1,
        null,
        null,
        null,
        1,
        1,
        1,
        1,
        1,
        null,
        null,
        null,
        null
      ],
      "/myproject/app/controllers/relations_controller.rb": [
        1,
        1,
        null,
        1,
        null,
        null,
        1,
        6,
        5,
        5,
        null,
        1,
        1,
        null,
        null,
        null,
        1,
        null,
        1,
        6,
        null,
        null,
        1,
        8,
        null,
        null
      ],
      "/myproject/spec/features/benefit_list_spec.rb": [
        1,
        null,
        1,
        1,
        1,
        null,
        1,
        null,
        1,
        null,
        null,
        null,
        null
      ],
      "/myproject/spec/models/admin_spec.rb": [
        1,
        null,
        1,
        1,
        null,
        1,
        1,
        1,
        1,
        null,
        null,
        null,
        1,
        1,
        1,
        1,
        1,
        null,
        null,
        1,
        1,
        1,
        1,
        null,
        null,
        1,
        1,
        1,
        1,
        1,
        null,
        null,
        1,
        1,
        1,
        1,
        null,
        null,
        1,
        1,
        1,
        1,
        null,
        null,
        null,
        null,
        null
      ],
      "/myproject/spec/models/relation_spec.rb": [
        1,
        null,
        1,
        1,
        null,
        1,
        1,
        1,
        1,
        null,
        null,
        null,
        1,
        1,
        1,
        1,
        1,
        null,
        null,
        1,
        1,
        1,
        1,
        null,
        null,
        1,
        1,
        1,
        1,
        null,
        null,
        1,
        1,
        1,
        1,
        null,
        null,
        1,
        1,
        1,
        1,
        null,
        null,
        1,
        1,
        1,
        1,
        1,
        null,
        null,
        1,
        1,
        1,
        1,
        null,
        null,
        null,
        null,
        null
      ],
      "/myproject/app/models/relation.rb": [
        1,
        1,
        1,
        1,
        null,
        1,
        1,
        null,
        1,
        null
      ],
      "/myproject/app/uploaders/image_uploader.rb": [
        1,
        null,
        null,
        1,
        null,
        1,
        null,
        null,
        null,
        1,
        null,
        null,
        null,
        1,
        13,
        null,
        null,
        null,
        null,
        null,
        null,
        null,
        null,
        null,
        null,
        null,
        null,
        null,
        null,
        null,
        null,
        null,
        null,
        null,
        null,
        null,
        null,
        null,
        null,
        null,
        null,
        null,
        null,
        null,
        null,
        null,
        null,
        null,
        null,
        null
      ],
      "/myproject/spec/models/user_spec.rb": [
        1,
        null,
        1,
        1,
        1,
        1,
        1,
        1,
        null,
        null,
        null,
        1,
        1,
        1,
        1,
        1,
        null,
        null,
        1,
        1,
        1,
        1,
        null,
        null,
        1,
        1,
        1,
        1,
        1,
        null,
        null,
        1,
        1,
        1,
        1,
        null,
        null,
        1,
        1,
        1,
        1,
        null,
        null,
        1,
        1,
        1,
        1,
        null,
        null,
        1,
        1,
        1,
        1,
        1,
        null,
        null,
        null,
        null,
        null
      ],
      "/myproject/app/models/card_list.rb": [
        1,
        1,
        1,
        1,
        1,
        1,
        null
      ],
      "/myproject/app/models/benefit_list.rb": [
        1,
        1,
        1,
        null,
        1,
        null
      ],
      "/myproject/app/models/benefit.rb": [
        1,
        1,
        1,
        1,
        null
      ],
      "/myproject/app/models/card.rb": [
        1,
        1,
        1,
        1,
        1,
        1,
        1,
        1,
        1,
        null,
        1,
        1,
        0,
        null,
        0,
        0,
        0,
        null,
        0,
        null,
        null
      ],
      "/myproject/app/models/cards_benefit.rb": [
        1,
        1,
        1,
        null
      ],
      "/myproject/app/models/coupon_list.rb": [
        1,
        1,
        1,
        null,
        1,
        null
      ],
      "/myproject/app/models/coupon.rb": [
        1,
        1,
        1,
        1,
        null
      ],
      "/myproject/app/models/cards_coupon.rb": [
        1,
        1,
        1,
        null
      ]
    },
    "timestamp": 1579405074
  }
}
